<?xml version="1.0" encoding="UTF-8"?>
<!-- Generated by org.testng.reporters.JUnitReportReporter -->
<testsuite hostname="WIN-M4ALLFSO9QO" name="promenaLozinke.TP08_PromenaLozinke_SvaMalaSlova" tests="1" failures="0" timestamp="2 Feb 2023 20:34:06 GMT" time="3.677" errors="0">
  <testcase name="tp08" time="3.677" classname="promenaLozinke.TP08_PromenaLozinke_SvaMalaSlova"/>
</testsuite> <!-- promenaLozinke.TP08_PromenaLozinke_SvaMalaSlova -->
