<?xml version="1.0" encoding="UTF-8"?>
<!-- Generated by org.testng.reporters.JUnitReportReporter -->
<testsuite hostname="WIN-M4ALLFSO9QO" name="promenaLozinke.TP10_PromenaLozinke_NemaNumerika" tests="1" failures="0" timestamp="2 Feb 2023 20:35:00 GMT" time="4.025" errors="0">
  <testcase name="tp10" time="4.025" classname="promenaLozinke.TP10_PromenaLozinke_NemaNumerika"/>
</testsuite> <!-- promenaLozinke.TP10_PromenaLozinke_NemaNumerika -->
