<?xml version="1.0" encoding="UTF-8"?>
<!-- Generated by org.testng.reporters.JUnitReportReporter -->
<testsuite hostname="WIN-M4ALLFSO9QO" name="promenaLozinke.TP06_PromenaLozinke_ManjeOd8Kar" tests="1" failures="0" timestamp="2 Feb 2023 20:33:12 GMT" time="3.667" errors="0">
  <testcase name="tp06" time="3.667" classname="promenaLozinke.TP06_PromenaLozinke_ManjeOd8Kar"/>
</testsuite> <!-- promenaLozinke.TP06_PromenaLozinke_ManjeOd8Kar -->
