<?xml version="1.0" encoding="UTF-8"?>
<!-- Generated by org.testng.reporters.JUnitReportReporter -->
<testsuite hostname="WIN-M4ALLFSO9QO" name="promenaLozinke.TP02_PromenaLozinke_NepostojeceKorIme" tests="1" failures="0" timestamp="2 Feb 2023 20:37:07 GMT" time="3.654" errors="0">
  <testcase name="tp02" time="3.654" classname="promenaLozinke.TP02_PromenaLozinke_NepostojeceKorIme"/>
</testsuite> <!-- promenaLozinke.TP02_PromenaLozinke_NepostojeceKorIme -->
