<?xml version="1.0" encoding="UTF-8"?>
<!-- Generated by org.testng.reporters.JUnitReportReporter -->
<testsuite hostname="WIN-M4ALLFSO9QO" name="promenaLozinke.TP12_PromenaLozinke_NemaSpecKar" tests="1" failures="0" timestamp="2 Feb 2023 20:35:59 GMT" time="3.579" errors="0">
  <testcase name="tp12" time="3.579" classname="promenaLozinke.TP12_PromenaLozinke_NemaSpecKar"/>
</testsuite> <!-- promenaLozinke.TP12_PromenaLozinke_NemaSpecKar -->
