<?xml version="1.0" encoding="UTF-8"?>
<!-- Generated by org.testng.reporters.JUnitReportReporter -->
<testsuite hostname="WIN-M4ALLFSO9QO" name="promenaLozinke.TP01_PromenaLozinke_Validna" tests="1" failures="0" timestamp="2 Feb 2023 20:38:35 GMT" time="4.201" errors="0">
  <testcase name="promenaLozinkeTP1" time="4.201" classname="promenaLozinke.TP01_PromenaLozinke_Validna"/>
</testsuite> <!-- promenaLozinke.TP01_PromenaLozinke_Validna -->
